[0.006s] Invoking command in '/home/ohheemin/gazebo_ws/src/tm12_gazebo_moveit/build/tm12_gazebo_moveit': CMAKE_PREFIX_PATH=${CMAKE_PREFIX_PATH}:/opt/ros/humble /usr/bin/cmake --build /home/ohheemin/gazebo_ws/src/tm12_gazebo_moveit/build/tm12_gazebo_moveit -- -j24 -l24
[0.024s] -- Found ament_cmake: 1.3.12 (/opt/ros/humble/share/ament_cmake/cmake)
[0.087s] -- Found rclcpp: 16.0.15 (/opt/ros/humble/share/rclcpp/cmake)
[0.104s] -- Found rosidl_generator_c: 3.1.7 (/opt/ros/humble/share/rosidl_generator_c/cmake)
[0.105s] -- Found rosidl_adapter: 3.1.7 (/opt/ros/humble/share/rosidl_adapter/cmake)
[0.108s] -- Found rosidl_generator_cpp: 3.1.7 (/opt/ros/humble/share/rosidl_generator_cpp/cmake)
[0.112s] -- Using all available rosidl_typesupport_c: rosidl_typesupport_fastrtps_c;rosidl_typesupport_introspection_c
[0.117s] -- Using all available rosidl_typesupport_cpp: rosidl_typesupport_fastrtps_cpp;rosidl_typesupport_introspection_cpp
[0.132s] -- Found rmw_implementation_cmake: 6.1.2 (/opt/ros/humble/share/rmw_implementation_cmake/cmake)
[0.133s] -- Found rmw_fastrtps_cpp: 6.2.9 (/opt/ros/humble/share/rmw_fastrtps_cpp/cmake)
[0.200s] -- Using RMW implementation 'rmw_fastrtps_cpp' as default
[0.223s] -- Found rclcpp_lifecycle: 16.0.15 (/opt/ros/humble/share/rclcpp_lifecycle/cmake)
[0.231s] -- Found moveit_ros_planning_interface: 2.5.9 (/opt/ros/humble/share/moveit_ros_planning_interface/cmake)
[0.236s] -- Found Boost: /usr/lib/x86_64-linux-gnu/cmake/Boost-1.74.0/BoostConfig.cmake (found version "1.74.0") found components: date_time filesystem program_options system thread 
[0.312s] -- Found Boost: /usr/lib/x86_64-linux-gnu/cmake/Boost-1.74.0/BoostConfig.cmake (found version "1.74.0") found components: chrono date_time filesystem iostreams program_options regex serialization system thread 
[0.323s] -- Found parameter_traits: 0.5.0 (/opt/ros/humble/share/parameter_traits/cmake)
[0.329s] -- Found Boost: /usr/lib/x86_64-linux-gnu/cmake/Boost-1.74.0/BoostConfig.cmake (found version "1.74.0") found components: filesystem 
[0.349s] -- library: /usr/lib/x86_64-linux-gnu/libcurl.so
[0.362s] -- Ensuring Eigen3 include directory is part of orocos-kdl CMake target
[0.418s] -- Found Boost: /usr/lib/x86_64-linux-gnu/cmake/Boost-1.74.0/BoostConfig.cmake (found version "1.74.0") found components: system filesystem date_time program_options thread chrono 
[0.433s] -- Found Boost: /usr/lib/x86_64-linux-gnu/cmake/Boost-1.74.0/BoostConfig.cmake (found version "1.74.0") found components: thread system filesystem regex date_time program_options 
[0.442s] -- Found Boost: /usr/lib/x86_64-linux-gnu/cmake/Boost-1.74.0/BoostConfig.cmake (found version "1.74.0") found components: system filesystem date_time program_options thread 
[0.455s] -- Found controller_interface: 2.53.0 (/opt/ros/humble/share/controller_interface/cmake)
[0.505s] -- Configuring done
[0.521s] -- Generating done
[0.526s] -- Build files have been written to: /home/ohheemin/gazebo_ws/src/tm12_gazebo_moveit/build/tm12_gazebo_moveit
[0.547s] [35m[1mConsolidate compiler generated dependencies of target tm12_pick_and_place[0m
[0.551s] [ 25%] [32mBuilding CXX object CMakeFiles/joint_position_example_controller.dir/src/joint_position_example_controller.cpp.o[0m
[0.562s] [ 75%] Built target tm12_pick_and_place
[0.599s] In file included from [01m[K/home/ohheemin/gazebo_ws/src/tm12_gazebo_moveit/src/joint_position_example_controller.cpp:4[m[K:
[0.599s] [01m[K/home/ohheemin/gazebo_ws/src/tm12_gazebo_moveit/include/arm_controllers/joint_position_example_controller.hpp:6:10:[m[K [01;31m[Kfatal error: [m[KEigen/Eigen: Í∑∏Îü∞ ÌååÏùºÏù¥ÎÇò ÎîîÎ†âÌÑ∞Î¶¨Í∞Ä ÏóÜÏäµÎãàÎã§
[0.599s]     6 | #include [01;31m[K<Eigen/Eigen>[m[K
[0.599s]       |          [01;31m[K^~~~~~~~~~~~~[m[K
[0.599s] compilation terminated.
[0.600s] gmake[2]: *** [CMakeFiles/joint_position_example_controller.dir/build.make:76: CMakeFiles/joint_position_example_controller.dir/src/joint_position_example_controller.cpp.o] Ïò§Î•ò 1
[0.600s] gmake[1]: *** [CMakeFiles/Makefile2:165: CMakeFiles/joint_position_example_controller.dir/all] Ïò§Î•ò 2
[0.601s] gmake: *** [Makefile:146: all] Ïò§Î•ò 2
[0.602s] Invoked command in '/home/ohheemin/gazebo_ws/src/tm12_gazebo_moveit/build/tm12_gazebo_moveit' returned '2': CMAKE_PREFIX_PATH=${CMAKE_PREFIX_PATH}:/opt/ros/humble /usr/bin/cmake --build /home/ohheemin/gazebo_ws/src/tm12_gazebo_moveit/build/tm12_gazebo_moveit -- -j24 -l24
